TN:
SF:src/generators/core/code-generator.ts
FN:132,(anonymous_1)
FN:155,(anonymous_2)
FN:170,(anonymous_3)
FN:187,(anonymous_4)
FN:222,(anonymous_5)
FN:223,(anonymous_6)
FN:240,(anonymous_7)
FN:248,(anonymous_8)
FN:264,(anonymous_9)
FN:269,(anonymous_10)
FN:318,(anonymous_11)
FNF:11
FNH:11
FNDA:27,(anonymous_1)
FNDA:2,(anonymous_2)
FNDA:27,(anonymous_3)
FNDA:8,(anonymous_4)
FNDA:106,(anonymous_5)
FNDA:32,(anonymous_6)
FNDA:9,(anonymous_7)
FNDA:150,(anonymous_8)
FNDA:9,(anonymous_9)
FNDA:8,(anonymous_10)
FNDA:6,(anonymous_11)
DA:2,2
DA:3,2
DA:5,2
DA:7,2
DA:8,2
DA:9,2
DA:10,2
DA:33,2
DA:39,2
DA:73,2
DA:117,2
DA:133,27
DA:136,27
DA:141,27
DA:142,27
DA:143,27
DA:146,27
DA:156,2
DA:171,27
DA:172,27
DA:188,8
DA:189,8
DA:192,8
DA:195,8
DA:196,8
DA:197,8
DA:200,8
DA:201,8
DA:202,8
DA:203,8
DA:206,6
DA:209,6
DA:210,5
DA:211,5
DA:215,6
DA:216,6
DA:219,6
DA:220,6
DA:222,106
DA:223,32
DA:224,6
DA:226,6
DA:228,2
DA:229,2
DA:241,9
DA:242,9
DA:247,9
DA:248,150
DA:265,9
DA:266,9
DA:268,7
DA:269,8
DA:270,4
DA:272,4
DA:273,8
DA:274,8
DA:275,8
DA:276,8
DA:277,8
DA:279,3
DA:280,3
DA:281,3
DA:282,3
DA:283,3
DA:284,2
DA:287,2
DA:288,2
DA:289,1
DA:293,2
DA:294,4
DA:295,4
DA:296,4
DA:297,4
DA:301,2
DA:302,2
DA:303,4
DA:304,4
DA:305,4
DA:309,2
DA:319,6
DA:320,1
DA:321,1
DA:328,1
DA:330,5
DA:337,5
LF:85
LH:85
BRDA:134,0,0,2
BRDA:160,1,0,2
BRDA:160,1,1,2
BRDA:209,2,0,5
BRDA:266,3,0,2
BRDA:268,4,0,4
BRDA:268,4,1,3
BRDA:279,5,0,3
BRDA:282,6,0,3
BRDA:288,7,0,1
BRDA:304,8,0,4
BRDA:319,9,0,1
BRDA:319,9,1,5
BRDA:328,10,0,1
BRDA:328,10,1,0
BRDA:337,11,0,5
BRDA:337,11,1,0
BRF:17
BRH:15
end_of_record
TN:
SF:src/generators/core/scripts/code-generate.ts
FN:9,loadOpenAPIDocument
FN:22,main
FNF:2
FNH:2
FNDA:7,loadOpenAPIDocument
FNDA:9,main
DA:1,5
DA:3,5
DA:4,5
DA:9,5
DA:10,7
DA:11,7
DA:22,5
DA:23,9
DA:24,9
DA:25,3
DA:27,6
DA:28,2
DA:31,4
DA:32,4
DA:34,4
DA:35,4
DA:37,4
DA:38,4
DA:40,4
DA:41,4
DA:43,4
DA:44,4
DA:46,4
DA:47,4
DA:49,4
DA:53,4
DA:56,5
LF:27
LH:27
BRDA:24,0,0,3
BRDA:27,1,0,2
BRDA:43,2,0,4
BRDA:43,2,1,2
BRDA:43,3,0,4
BRDA:43,3,1,2
BRDA:50,4,0,4
BRDA:50,4,1,1
BRF:8
BRH:8
end_of_record
TN:
SF:src/generators/core/services/file-system.ts
FN:15,(anonymous_0)
FN:25,(anonymous_1)
FN:39,(anonymous_2)
FN:49,(anonymous_3)
FN:51,(anonymous_4)
FNF:5
FNH:5
FNDA:3,(anonymous_0)
FNDA:3,(anonymous_1)
FNDA:2,(anonymous_2)
FNDA:2,(anonymous_3)
FNDA:2,(anonymous_4)
DA:1,1
DA:2,1
DA:9,1
DA:16,3
DA:26,3
DA:27,3
DA:28,1
DA:30,3
DA:40,2
DA:50,2
DA:51,2
LF:11
LH:11
BRDA:27,0,0,1
BRF:1
BRH:1
end_of_record
TN:
SF:src/generators/core/services/template-renderer.ts
FN:9,(anonymous_1)
FN:19,(anonymous_2)
FN:38,(anonymous_3)
FNF:3
FNH:3
FNDA:6,(anonymous_1)
FNDA:5,(anonymous_2)
FNDA:2,(anonymous_3)
DA:1,1
DA:2,1
DA:3,1
DA:9,1
DA:10,6
DA:20,5
DA:22,5
DA:23,4
DA:24,3
DA:25,2
DA:28,3
DA:39,2
LF:12
LH:12
BRDA:22,0,0,4
BRF:1
BRH:1
end_of_record
TN:
SF:src/generators/python/services/event-generator.ts
FN:14,(anonymous_0)
FN:25,(anonymous_1)
FN:46,(anonymous_2)
FN:53,(anonymous_3)
FN:63,(anonymous_4)
FN:66,(anonymous_5)
FN:67,(anonymous_6)
FN:70,(anonymous_7)
FNF:8
FNH:7
FNDA:8,(anonymous_0)
FNDA:6,(anonymous_1)
FNDA:9,(anonymous_2)
FNDA:8,(anonymous_3)
FNDA:4,(anonymous_4)
FNDA:10,(anonymous_5)
FNDA:4,(anonymous_6)
FNDA:0,(anonymous_7)
DA:5,2
DA:6,2
DA:13,2
DA:15,8
DA:16,8
DA:17,8
DA:18,8
DA:19,8
DA:26,6
DA:27,6
DA:29,6
DA:30,18
DA:31,18
DA:32,1
DA:36,5
DA:37,1
DA:40,4
DA:47,9
DA:54,8
DA:64,4
DA:65,4
DA:66,10
DA:67,4
DA:70,0
DA:74,4
DA:77,4
DA:78,4
DA:79,4
DA:83,3
DA:84,3
DA:87,3
DA:88,3
DA:91,3
DA:92,2
DA:94,2
DA:100,2
DA:101,2
DA:104,2
DA:105,2
DA:107,2
DA:110,1
DA:111,1
LF:42
LH:41
BRDA:31,0,0,1
BRDA:36,1,0,1
BRDA:47,2,0,9
BRDA:47,2,1,9
BRDA:47,2,2,9
BRDA:71,3,0,2
BRDA:71,3,1,2
BRDA:78,4,0,4
BRF:8
BRH:8
end_of_record
TN:
SF:src/generators/typescript/services/event-generator.ts
FN:57,(anonymous_0)
FN:71,(anonymous_1)
FN:92,(anonymous_2)
FN:107,(anonymous_3)
FN:110,(anonymous_4)
FN:111,(anonymous_5)
FN:133,(anonymous_6)
FNF:7
FNH:7
FNDA:7,(anonymous_0)
FNDA:4,(anonymous_1)
FNDA:8,(anonymous_2)
FNDA:5,(anonymous_3)
FNDA:5,(anonymous_4)
FNDA:5,(anonymous_5)
FNDA:1,(anonymous_6)
DA:5,3
DA:48,3
DA:58,7
DA:59,7
DA:60,7
DA:61,7
DA:62,7
DA:72,4
DA:73,4
DA:75,4
DA:76,12
DA:77,12
DA:78,1
DA:82,3
DA:83,1
DA:86,2
DA:93,8
DA:108,5
DA:109,5
DA:110,5
DA:111,5
DA:116,5
DA:119,5
DA:120,5
DA:123,5
DA:124,5
DA:127,5
DA:128,5
DA:130,5
DA:133,1
DA:138,5
DA:139,4
DA:142,4
DA:143,4
DA:145,4
DA:148,1
DA:149,1
LF:37
LH:37
BRDA:77,0,0,1
BRDA:82,1,0,1
BRDA:93,2,0,8
BRDA:93,2,1,8
BRDA:93,2,2,8
BRDA:113,3,0,1
BRDA:113,3,1,4
BRF:7
BRH:7
end_of_record
TN:
SF:src/generators/typescript/services/file-system.ts
FN:113,(anonymous_0)
FN:115,(anonymous_1)
FN:125,(anonymous_2)
FN:130,(anonymous_3)
FN:137,(anonymous_4)
FN:141,(anonymous_5)
FN:144,(anonymous_6)
FN:151,(anonymous_7)
FN:159,(anonymous_8)
FN:164,(anonymous_9)
FN:170,(anonymous_10)
FNF:11
FNH:11
FNDA:18,(anonymous_0)
FNDA:3,(anonymous_1)
FNDA:1,(anonymous_2)
FNDA:2,(anonymous_3)
FNDA:7,(anonymous_4)
FNDA:1,(anonymous_5)
FNDA:2,(anonymous_6)
FNDA:2,(anonymous_7)
FNDA:2,(anonymous_8)
FNDA:2,(anonymous_9)
FNDA:2,(anonymous_10)
DA:1,3
DA:108,3
DA:113,18
DA:116,3
DA:117,3
DA:118,3
DA:120,1
DA:121,1
DA:126,1
DA:127,1
DA:131,2
DA:132,2
DA:133,2
DA:138,7
DA:142,1
DA:144,1
DA:145,2
DA:146,2
DA:147,2
DA:151,1
DA:152,2
DA:153,2
DA:154,2
DA:160,2
DA:161,2
DA:165,2
DA:166,2
DA:167,1
DA:171,2
DA:172,2
LF:30
LH:30
BRDA:131,0,0,2
BRDA:145,1,0,2
BRDA:152,2,0,2
BRF:3
BRH:3
end_of_record
TN:
SF:src/generators/typescript/services/schema-validator.ts
FN:20,(anonymous_0)
FN:22,(anonymous_1)
FNF:2
FNH:2
FNDA:14,(anonymous_0)
FNDA:14,(anonymous_1)
DA:19,3
DA:20,14
DA:23,14
DA:24,1
DA:28,13
DA:29,2
DA:31,11
DA:32,1
DA:36,10
DA:37,1
DA:39,9
DA:40,1
DA:42,8
DA:43,1
DA:45,7
DA:46,1
DA:49,6
LF:17
LH:17
BRDA:23,0,0,1
BRDA:28,1,0,2
BRDA:31,2,0,1
BRDA:36,3,0,1
BRDA:39,4,0,1
BRDA:42,5,0,1
BRDA:45,6,0,1
BRF:7
BRH:7
end_of_record
TN:
SF:src/generators/typescript/services/template-renderer.ts
FN:48,(anonymous_1)
FNF:1
FNH:1
FNDA:5,(anonymous_1)
DA:1,3
DA:40,3
DA:49,5
LF:3
LH:3
BRF:0
BRH:0
end_of_record
