TN:
SF:src/generators/typescript/ts-code-generator copy.ts
FN:53,(anonymous_1)
FN:78,(anonymous_2)
FN:94,(anonymous_3)
FN:123,(anonymous_4)
FN:150,(anonymous_5)
FN:175,(anonymous_6)
FN:184,(anonymous_7)
FN:199,(anonymous_8)
FN:206,(anonymous_9)
FN:210,(anonymous_10)
FN:214,(anonymous_11)
FN:215,(anonymous_12)
FN:242,(anonymous_13)
FNF:13
FNH:0
FNDA:0,(anonymous_1)
FNDA:0,(anonymous_2)
FNDA:0,(anonymous_3)
FNDA:0,(anonymous_4)
FNDA:0,(anonymous_5)
FNDA:0,(anonymous_6)
FNDA:0,(anonymous_7)
FNDA:0,(anonymous_8)
FNDA:0,(anonymous_9)
FNDA:0,(anonymous_10)
FNDA:0,(anonymous_11)
FNDA:0,(anonymous_12)
FNDA:0,(anonymous_13)
DA:2,0
DA:3,0
DA:4,0
DA:5,0
DA:6,0
DA:17,0
DA:18,0
DA:31,0
DA:54,0
DA:66,0
DA:79,0
DA:83,0
DA:88,0
DA:91,0
DA:95,0
DA:96,0
DA:98,0
DA:99,0
DA:103,0
DA:104,0
DA:106,0
DA:107,0
DA:109,0
DA:110,0
DA:112,0
DA:113,0
DA:116,0
DA:124,0
DA:125,0
DA:127,0
DA:128,0
DA:129,0
DA:133,0
DA:134,0
DA:135,0
DA:138,0
DA:139,0
DA:146,0
DA:149,0
DA:150,0
DA:151,0
DA:153,0
DA:154,0
DA:155,0
DA:156,0
DA:157,0
DA:158,0
DA:162,0
DA:163,0
DA:166,0
DA:167,0
DA:170,0
DA:172,0
DA:175,0
DA:176,0
DA:177,0
DA:178,0
DA:179,0
DA:184,0
DA:185,0
DA:186,0
DA:187,0
DA:188,0
DA:192,0
DA:194,0
DA:195,0
DA:200,0
DA:205,0
DA:206,0
DA:211,0
DA:212,0
DA:213,0
DA:214,0
DA:215,0
DA:220,0
DA:223,0
DA:224,0
DA:225,0
DA:226,0
DA:230,0
DA:231,0
DA:232,0
DA:235,0
DA:236,0
DA:239,0
DA:242,0
DA:245,0
DA:248,0
DA:253,0
DA:255,0
DA:258,0
DA:259,0
LF:92
LH:0
BRDA:80,0,0,0
BRDA:95,1,0,0
BRDA:98,2,0,0
BRDA:103,3,0,0
BRDA:106,4,0,0
BRDA:109,5,0,0
BRDA:112,6,0,0
BRDA:127,7,0,0
BRDA:177,8,0,0
BRDA:186,9,0,0
BRDA:212,10,0,0
BRDA:212,10,1,0
BRDA:224,11,0,0
BRF:13
BRH:0
end_of_record
TN:
SF:src/generators/typescript/ts-code-generator.ts
FN:84,(anonymous_1)
FN:116,(anonymous_2)
FN:138,(anonymous_3)
FN:155,(anonymous_4)
FN:183,(anonymous_5)
FN:209,(anonymous_6)
FN:210,(anonymous_7)
FN:227,(anonymous_8)
FN:234,(anonymous_9)
FN:246,(anonymous_10)
FNF:10
FNH:7
FNDA:1,(anonymous_1)
FNDA:6,(anonymous_2)
FNDA:6,(anonymous_3)
FNDA:2,(anonymous_4)
FNDA:0,(anonymous_5)
FNDA:0,(anonymous_6)
FNDA:0,(anonymous_7)
FNDA:3,(anonymous_8)
FNDA:51,(anonymous_9)
FNDA:1,(anonymous_10)
DA:2,1
DA:3,1
DA:4,1
DA:5,1
DA:7,1
DA:8,1
DA:9,1
DA:10,1
DA:29,1
DA:35,1
DA:56,1
DA:85,1
DA:97,1
DA:117,6
DA:121,6
DA:126,6
DA:129,6
DA:139,6
DA:140,6
DA:156,2
DA:157,2
DA:159,2
DA:162,2
DA:165,2
DA:166,2
DA:167,2
DA:170,2
DA:171,2
DA:178,2
DA:181,1
DA:182,1
DA:183,0
DA:184,0
DA:186,0
DA:187,0
DA:188,0
DA:189,0
DA:190,0
DA:191,0
DA:196,1
DA:197,0
DA:198,0
DA:202,1
DA:203,1
DA:206,0
DA:207,0
DA:209,0
DA:210,0
DA:211,0
DA:213,0
DA:215,2
DA:216,2
DA:228,3
DA:233,3
DA:234,51
DA:247,1
DA:248,1
DA:249,1
DA:257,1
DA:258,1
LF:60
LH:44
BRDA:118,0,0,2
BRDA:182,1,0,0
BRDA:196,2,0,0
BRDA:257,3,0,1
BRDA:257,3,1,0
BRF:5
BRH:2
end_of_record
TN:
SF:src/generators/typescript/services/event-generator.ts
FN:57,(anonymous_0)
FN:71,(anonymous_1)
FN:92,(anonymous_2)
FN:107,(anonymous_3)
FN:110,(anonymous_4)
FN:111,(anonymous_5)
FN:133,(anonymous_6)
FNF:7
FNH:6
FNDA:4,(anonymous_0)
FNDA:1,(anonymous_1)
FNDA:5,(anonymous_2)
FNDA:4,(anonymous_3)
FNDA:4,(anonymous_4)
FNDA:4,(anonymous_5)
FNDA:0,(anonymous_6)
DA:5,2
DA:48,2
DA:58,4
DA:59,4
DA:60,4
DA:61,4
DA:62,4
DA:72,1
DA:73,1
DA:75,1
DA:76,3
DA:77,3
DA:78,0
DA:82,1
DA:83,0
DA:86,1
DA:93,5
DA:108,4
DA:109,4
DA:110,4
DA:111,4
DA:116,4
DA:119,4
DA:120,4
DA:123,4
DA:124,4
DA:127,4
DA:128,4
DA:130,4
DA:133,0
DA:138,4
DA:139,2
DA:142,2
DA:143,2
DA:145,2
DA:148,2
DA:149,2
LF:37
LH:34
BRDA:77,0,0,0
BRDA:82,1,0,0
BRDA:93,2,0,5
BRDA:93,2,1,5
BRDA:93,2,2,5
BRDA:113,3,0,1
BRDA:113,3,1,3
BRF:7
BRH:5
end_of_record
TN:
SF:src/generators/typescript/services/file-system.ts
FN:90,(anonymous_0)
FN:92,(anonymous_1)
FN:97,(anonymous_2)
FN:102,(anonymous_3)
FN:109,(anonymous_4)
FN:113,(anonymous_5)
FN:116,(anonymous_6)
FN:123,(anonymous_7)
FNF:8
FNH:8
FNDA:9,(anonymous_0)
FNDA:4,(anonymous_1)
FNDA:3,(anonymous_2)
FNDA:4,(anonymous_3)
FNDA:11,(anonymous_4)
FNDA:1,(anonymous_5)
FNDA:2,(anonymous_6)
FNDA:2,(anonymous_7)
DA:1,2
DA:85,2
DA:90,9
DA:93,4
DA:94,4
DA:98,3
DA:99,3
DA:103,4
DA:104,4
DA:105,4
DA:110,11
DA:114,1
DA:116,1
DA:117,2
DA:118,2
DA:119,2
DA:123,1
DA:124,2
DA:125,2
DA:126,2
LF:20
LH:20
BRDA:103,0,0,4
BRDA:117,1,0,2
BRDA:124,2,0,2
BRF:3
BRH:3
end_of_record
TN:
SF:src/generators/typescript/services/schema-validator.ts
FN:20,(anonymous_0)
FN:22,(anonymous_1)
FNF:2
FNH:2
FNDA:6,(anonymous_0)
FNDA:6,(anonymous_1)
DA:19,1
DA:20,6
DA:23,6
DA:24,0
DA:26,6
DA:27,1
DA:31,5
DA:32,0
DA:34,5
DA:35,0
DA:37,5
DA:38,0
DA:40,5
DA:41,0
DA:44,5
LF:15
LH:10
BRDA:23,0,0,0
BRDA:26,1,0,1
BRDA:31,2,0,0
BRDA:34,3,0,0
BRDA:37,4,0,0
BRDA:40,5,0,0
BRF:6
BRH:1
end_of_record
TN:
SF:src/generators/typescript/services/template-renderer.ts
FN:48,(anonymous_1)
FNF:1
FNH:1
FNDA:6,(anonymous_1)
DA:1,2
DA:40,2
DA:49,6
LF:3
LH:3
BRF:0
BRH:0
end_of_record
TN:
SF:src/scripts/ts-code-generate.ts
FN:6,generateForSchema
FN:17,main
FN:19,(anonymous_2)
FN:33,(anonymous_3)
FN:34,(anonymous_4)
FN:35,(anonymous_5)
FNF:6
FNH:0
FNDA:0,generateForSchema
FNDA:0,main
FNDA:0,(anonymous_2)
FNDA:0,(anonymous_3)
FNDA:0,(anonymous_4)
FNDA:0,(anonymous_5)
DA:1,0
DA:2,0
DA:3,0
DA:4,0
DA:7,0
DA:8,0
DA:10,0
DA:11,0
DA:12,0
DA:14,0
DA:18,0
DA:19,0
DA:21,0
DA:22,0
DA:25,0
DA:26,0
DA:28,0
DA:29,0
DA:32,0
DA:33,0
DA:34,0
DA:35,0
DA:37,0
DA:38,0
DA:39,0
DA:43,0
LF:26
LH:0
BRDA:19,0,0,0
BRDA:19,0,1,0
BRDA:21,1,0,0
BRDA:28,2,0,0
BRDA:34,3,0,0
BRDA:34,3,1,0
BRF:6
BRH:0
end_of_record
TN:
SF:src/utils/openapi.ts
FN:4,loadOpenAPIDocument
FNF:1
FNH:0
FNDA:0,loadOpenAPIDocument
DA:2,0
DA:4,0
DA:5,0
DA:6,0
LF:4
LH:0
BRF:0
BRH:0
end_of_record
